<?xml version="1.0" encoding="UTF-8"?>
<!-- Generated by org.testng.reporters.JUnitReportReporter -->
<testsuite hostname="VKN-CPU-0272" failures="0" tests="3" name="com.org.poi.learn.DataDriverTest" time="6.775" errors="0" timestamp="26 Mar 2024 11:03:24 GMT" skipped="0">
  <testcase classname="com.org.poi.learn.DataDriverTest" name="loginTest" time="0.657"/>
  <testcase classname="com.org.poi.learn.DataDriverTest" name="loginTest" time="0.590"/>
  <testcase classname="com.org.poi.learn.DataDriverTest" name="loginTest" time="5.528"/>
</testsuite> <!-- com.org.poi.learn.DataDriverTest -->
